INFO: [VRFC 10-2263] Analyzing Verilog file "D:/vivado_projects/risc_v/risc_v.sim/sim_1/impl/timing/xsim/top_level_tb_time_impl.v" into library xil_defaultlib
INFO: [VRFC 10-311] analyzing module alu
INFO: [VRFC 10-311] analyzing module branch_detect
INFO: [VRFC 10-311] analyzing module dcache
INFO: [VRFC 10-311] analyzing module ex_stage
INFO: [VRFC 10-311] analyzing module hart
INFO: [VRFC 10-311] analyzing module icache
INFO: [VRFC 10-311] analyzing module id_stage
INFO: [VRFC 10-311] analyzing module if1_stage
INFO: [VRFC 10-311] analyzing module if2_stage
INFO: [VRFC 10-311] analyzing module me1_stage
INFO: [VRFC 10-311] analyzing module me2_stage
INFO: [VRFC 10-311] analyzing module register_file
INFO: [VRFC 10-311] analyzing module top_level
INFO: [VRFC 10-311] analyzing module unimacro_BRAM_TDP_MACRO
INFO: [VRFC 10-311] analyzing module unimacro_BRAM_TDP_MACRO__parameterized0
INFO: [VRFC 10-311] analyzing module wb_stage
INFO: [VRFC 10-311] analyzing module glbl
INFO: [VRFC 10-163] Analyzing VHDL file "D:/vivado_projects/risc_v/risc_v.srcs/sim_1/new/top_level_tb.vhd" into library xil_defaultlib
INFO: [VRFC 10-3107] analyzing entity 'top_level_tb'
