INFO: [VRFC 10-163] Analyzing VHDL file "J:/AlfheimSystems/vivado/risc_v/risc_v.srcs/sources_1/new/common.vhd" into library xil_defaultlib
INFO: [VRFC 10-163] Analyzing VHDL file "J:/AlfheimSystems/vivado/risc_v/risc_v.srcs/sources_1/new/alu.vhd" into library xil_defaultlib
INFO: [VRFC 10-3107] analyzing entity 'alu'
INFO: [VRFC 10-163] Analyzing VHDL file "J:/AlfheimSystems/vivado/risc_v/risc_v.srcs/sources_1/new/branch_detect.vhd" into library xil_defaultlib
INFO: [VRFC 10-3107] analyzing entity 'branch_detect'
INFO: [VRFC 10-163] Analyzing VHDL file "J:/AlfheimSystems/vivado/risc_v/risc_v.srcs/sources_1/new/dbus.vhd" into library xil_defaultlib
INFO: [VRFC 10-3107] analyzing entity 'dbus'
INFO: [VRFC 10-163] Analyzing VHDL file "J:/AlfheimSystems/vivado/risc_v/risc_v.srcs/sources_1/new/ex_stage.vhd" into library xil_defaultlib
INFO: [VRFC 10-3107] analyzing entity 'ex_stage'
INFO: [VRFC 10-163] Analyzing VHDL file "J:/AlfheimSystems/vivado/risc_v/risc_v.srcs/sources_1/new/forward_unit.vhd" into library xil_defaultlib
INFO: [VRFC 10-3107] analyzing entity 'forward_unit'
INFO: [VRFC 10-163] Analyzing VHDL file "J:/AlfheimSystems/vivado/risc_v/risc_v.srcs/sources_1/new/gpio.vhd" into library xil_defaultlib
INFO: [VRFC 10-3107] analyzing entity 'gpio'
INFO: [VRFC 10-163] Analyzing VHDL file "J:/AlfheimSystems/vivado/risc_v/risc_v.srcs/sources_1/new/hart.vhd" into library xil_defaultlib
INFO: [VRFC 10-3107] analyzing entity 'hart'
INFO: [VRFC 10-163] Analyzing VHDL file "J:/AlfheimSystems/vivado/risc_v/risc_v.srcs/sources_1/new/ibus.vhd" into library xil_defaultlib
INFO: [VRFC 10-3107] analyzing entity 'ibus'
INFO: [VRFC 10-163] Analyzing VHDL file "J:/AlfheimSystems/vivado/risc_v/risc_v.srcs/sources_1/new/id_stage.vhd" into library xil_defaultlib
INFO: [VRFC 10-3107] analyzing entity 'id_stage'
INFO: [VRFC 10-163] Analyzing VHDL file "J:/AlfheimSystems/vivado/risc_v/risc_v.srcs/sources_1/new/if1_stage.vhd" into library xil_defaultlib
INFO: [VRFC 10-3107] analyzing entity 'if1_stage'
INFO: [VRFC 10-163] Analyzing VHDL file "J:/AlfheimSystems/vivado/risc_v/risc_v.srcs/sources_1/new/if2_stage.vhd" into library xil_defaultlib
INFO: [VRFC 10-3107] analyzing entity 'if2_stage'
INFO: [VRFC 10-163] Analyzing VHDL file "J:/AlfheimSystems/vivado/risc_v/risc_v.srcs/sources_1/new/me1_stage.vhd" into library xil_defaultlib
INFO: [VRFC 10-3107] analyzing entity 'me1_stage'
INFO: [VRFC 10-163] Analyzing VHDL file "J:/AlfheimSystems/vivado/risc_v/risc_v.srcs/sources_1/new/me2_stage.vhd" into library xil_defaultlib
INFO: [VRFC 10-3107] analyzing entity 'me2_stage'
INFO: [VRFC 10-163] Analyzing VHDL file "J:/AlfheimSystems/vivado/risc_v/risc_v.srcs/sources_1/new/ram.vhd" into library xil_defaultlib
INFO: [VRFC 10-3107] analyzing entity 'ram'
INFO: [VRFC 10-163] Analyzing VHDL file "J:/AlfheimSystems/vivado/risc_v/risc_v.srcs/sources_1/new/register_file.vhd" into library xil_defaultlib
INFO: [VRFC 10-3107] analyzing entity 'register_file'
INFO: [VRFC 10-163] Analyzing VHDL file "J:/AlfheimSystems/vivado/risc_v/risc_v.srcs/sources_1/new/soc.vhd" into library xil_defaultlib
INFO: [VRFC 10-3107] analyzing entity 'soc'
INFO: [VRFC 10-163] Analyzing VHDL file "J:/AlfheimSystems/vivado/risc_v/risc_v.srcs/sources_1/new/top_level.vhd" into library xil_defaultlib
INFO: [VRFC 10-3107] analyzing entity 'top_level'
INFO: [VRFC 10-163] Analyzing VHDL file "J:/AlfheimSystems/vivado/risc_v/risc_v.srcs/sources_1/new/uart.vhd" into library xil_defaultlib
INFO: [VRFC 10-3107] analyzing entity 'uart'
INFO: [VRFC 10-163] Analyzing VHDL file "J:/AlfheimSystems/vivado/risc_v/risc_v.srcs/sources_1/new/wb_stage.vhd" into library xil_defaultlib
INFO: [VRFC 10-3107] analyzing entity 'wb_stage'
INFO: [VRFC 10-163] Analyzing VHDL file "J:/AlfheimSystems/vivado/risc_v/risc_v.srcs/sim_1/new/top_level_tb.vhd" into library xil_defaultlib
INFO: [VRFC 10-3107] analyzing entity 'top_level_tb'
